\BOOKMARK [0][-]{chapter.1}{Introduction}{}% 1
\BOOKMARK [0][-]{chapter.2}{State of The Art}{}% 2
\BOOKMARK [1][-]{section.2.1}{Education and technology}{chapter.2}% 3
\BOOKMARK [1][-]{section.2.2}{Orchestration Load Measurements}{chapter.2}% 4
\BOOKMARK [1][-]{section.2.3}{Usability Evaluations and Field Research}{chapter.2}% 5
\BOOKMARK [1][-]{section.2.4}{Mixed methods for this project}{chapter.2}% 6
\BOOKMARK [1][-]{section.2.5}{Closing remarks on the state of the art}{chapter.2}% 7
\BOOKMARK [0][-]{chapter.3}{Research Questions}{}% 8
\BOOKMARK [0][-]{chapter.4}{Methods}{}% 9
\BOOKMARK [1][-]{section.4.1}{Participants}{chapter.4}% 10
\BOOKMARK [1][-]{section.4.2}{Environment}{chapter.4}% 11
\BOOKMARK [1][-]{section.4.3}{Materials}{chapter.4}% 12
\BOOKMARK [1][-]{section.4.4}{Study Design}{chapter.4}% 13
\BOOKMARK [1][-]{section.4.5}{Data Analysis}{chapter.4}% 14
\BOOKMARK [1][-]{section.4.6}{Ethics}{chapter.4}% 15
\BOOKMARK [0][-]{chapter*.1}{Bibliography}{}% 16
\BOOKMARK [0][-]{chapter.1}{Appendices}{}% 17
\BOOKMARK [1][-]{section.1.1}{Appendix A: Post Activity Questionnaire}{chapter.1}% 18
\BOOKMARK [1][-]{section.1.2}{Appendix B: First Contact Email}{chapter.1}% 19
\BOOKMARK [1][-]{section.1.3}{Appendix C: Instructions for usability evaluation}{chapter.1}% 20
\BOOKMARK [1][-]{section.1.4}{Appendix D: Consent Form}{chapter.1}% 21
