This is pdfTeX, Version 3.14159265-2.6-1.40.21 (TeX Live 2020) (preloaded format=pdflatex 2021.1.28)  13 APR 2021 05:41
entering extended mode
 restricted \write18 enabled.
 file:line:error style messages enabled.
 %&-line parsing enabled.
**"/Users/francisco/Google Drive/02_UPF/Thesis/Deliverables/Template Thesis CEBM /MasterThesis.tex"
(/Users/francisco/Google Drive/02_UPF/Thesis/Deliverables/Template Thesis CEBM /MasterThesis.tex
LaTeX2e <2020-02-02> patch level 5
L3 programming layer <2020-03-06> (/usr/local/texlive/2020/texmf-dist/tex/latex/base/report.cls
Document Class: report 2019/12/20 v1.4l Standard LaTeX document class
(/usr/local/texlive/2020/texmf-dist/tex/latex/base/size12.clo
File: size12.clo 2019/12/20 v1.4l Standard LaTeX file (size option)
)
\c@part=\count167
\c@chapter=\count168
\c@section=\count169
\c@subsection=\count170
\c@subsubsection=\count171
\c@paragraph=\count172
\c@subparagraph=\count173
\c@figure=\count174
\c@table=\count175
\abovecaptionskip=\skip47
\belowcaptionskip=\skip48
\bibindent=\dimen134
) (/usr/local/texlive/2020/texmf-dist/tex/latex/geometry/geometry.sty
Package: geometry 2020/01/02 v5.9 Page Geometry
 (/usr/local/texlive/2020/texmf-dist/tex/latex/graphics/keyval.sty
Package: keyval 2014/10/28 v1.15 key=value parser (DPC)
\KV@toks@=\toks15
) (/usr/local/texlive/2020/texmf-dist/tex/generic/iftex/ifvtex.sty
Package: ifvtex 2019/10/25 v1.7 ifvtex legacy package. Use iftex instead.
 (/usr/local/texlive/2020/texmf-dist/tex/generic/iftex/iftex.sty
Package: iftex 2020/03/06 v1.0d TeX engine tests
))
\Gm@cnth=\count176
\Gm@cntv=\count177
\c@Gm@tempcnt=\count178
\Gm@bindingoffset=\dimen135
\Gm@wd@mp=\dimen136
\Gm@odd@mp=\dimen137
\Gm@even@mp=\dimen138
\Gm@layoutwidth=\dimen139
\Gm@layoutheight=\dimen140
\Gm@layouthoffset=\dimen141
\Gm@layoutvoffset=\dimen142
\Gm@dimlist=\toks16
) (/usr/local/texlive/2020/texmf-dist/tex/latex/pdfpages/pdfpages.sty
Package: pdfpages 2020/01/28 v0.5q Insert pages of external PDF documents (AM)
 (/usr/local/texlive/2020/texmf-dist/tex/latex/base/ifthen.sty
Package: ifthen 2014/09/29 v1.1c Standard LaTeX ifthen package (DPC)
) (/usr/local/texlive/2020/texmf-dist/tex/latex/tools/calc.sty
Package: calc 2017/05/25 v4.3 Infix arithmetic (KKT,FJ)
\calc@Acount=\count179
\calc@Bcount=\count180
\calc@Adimen=\dimen143
\calc@Bdimen=\dimen144
\calc@Askip=\skip49
\calc@Bskip=\skip50
LaTeX Info: Redefining \setlength on input line 80.
LaTeX Info: Redefining \addtolength on input line 81.
\calc@Ccount=\count181
\calc@Cskip=\skip51
) (/usr/local/texlive/2020/texmf-dist/tex/latex/eso-pic/eso-pic.sty
Package: eso-pic 2018/04/12 v2.0h eso-pic (RN)
 (/usr/local/texlive/2020/texmf-dist/tex/generic/atbegshi/atbegshi.sty
Package: atbegshi 2019/12/05 v1.19 At begin shipout hook (HO)
 (/usr/local/texlive/2020/texmf-dist/tex/generic/infwarerr/infwarerr.sty
Package: infwarerr 2019/12/03 v1.5 Providing info/warning/error messages (HO)
) (/usr/local/texlive/2020/texmf-dist/tex/generic/ltxcmds/ltxcmds.sty
Package: ltxcmds 2019/12/15 v1.24 LaTeX kernel commands for general use (HO)
)) (/usr/local/texlive/2020/texmf-dist/tex/latex/xcolor/xcolor.sty
Package: xcolor 2016/05/11 v2.12 LaTeX color extensions (UK)
 (/usr/local/texlive/2020/texmf-dist/tex/latex/graphics-cfg/color.cfg
File: color.cfg 2016/01/02 v1.6 sample color configuration
)
Package xcolor Info: Driver file: pdftex.def on input line 225.
 (/usr/local/texlive/2020/texmf-dist/tex/latex/graphics-def/pdftex.def
File: pdftex.def 2018/01/08 v1.0l Graphics/color driver for pdftex
)
Package xcolor Info: Model `cmy' substituted by `cmy0' on input line 1348.
Package xcolor Info: Model `hsb' substituted by `rgb' on input line 1352.
Package xcolor Info: Model `RGB' extended on input line 1364.
Package xcolor Info: Model `HTML' substituted by `rgb' on input line 1366.
Package xcolor Info: Model `Hsb' substituted by `hsb' on input line 1367.
Package xcolor Info: Model `tHsb' substituted by `hsb' on input line 1368.
Package xcolor Info: Model `HSB' substituted by `hsb' on input line 1369.
Package xcolor Info: Model `Gray' substituted by `gray' on input line 1370.
Package xcolor Info: Model `wave' substituted by `hsb' on input line 1371.
)) (/usr/local/texlive/2020/texmf-dist/tex/latex/graphics/graphicx.sty
Package: graphicx 2019/11/30 v1.2a Enhanced LaTeX Graphics (DPC,SPQR)
 (/usr/local/texlive/2020/texmf-dist/tex/latex/graphics/graphics.sty
Package: graphics 2019/11/30 v1.4a Standard LaTeX Graphics (DPC,SPQR)
 (/usr/local/texlive/2020/texmf-dist/tex/latex/graphics/trig.sty
Package: trig 2016/01/03 v1.10 sin cos tan (DPC)
) (/usr/local/texlive/2020/texmf-dist/tex/latex/graphics-cfg/graphics.cfg
File: graphics.cfg 2016/06/04 v1.11 sample graphics configuration
)
Package graphics Info: Driver file: pdftex.def on input line 105.
)
\Gin@req@height=\dimen145
\Gin@req@width=\dimen146
)
\AM@pagewidth=\dimen147
\AM@pageheight=\dimen148
 (/usr/local/texlive/2020/texmf-dist/tex/latex/pdfpages/pppdftex.def
File: pppdftex.def 2020/01/28 v0.5q Pdfpages driver for pdfTeX (AM)
)
\AM@pagebox=\box45
\AM@global@opts=\toks17
\AM@pagecnt=\count182
\AM@toc@title=\toks18
\c@AM@survey=\count183
\AM@templatesizebox=\box46
) (/usr/local/texlive/2020/texmf-dist/tex/latex/hyperref/hyperref.sty
Package: hyperref 2020/01/14 v7.00d Hypertext links for LaTeX
 (/usr/local/texlive/2020/texmf-dist/tex/latex/pdftexcmds/pdftexcmds.sty
Package: pdftexcmds 2019/11/24 v0.31 Utility functions of pdfTeX for LuaTeX (HO)
Package pdftexcmds Info: \pdf@primitive is available.
Package pdftexcmds Info: \pdf@ifprimitive is available.
Package pdftexcmds Info: \pdfdraftmode found.
) (/usr/local/texlive/2020/texmf-dist/tex/generic/kvsetkeys/kvsetkeys.sty
Package: kvsetkeys 2019/12/15 v1.18 Key value parser (HO)
) (/usr/local/texlive/2020/texmf-dist/tex/generic/kvdefinekeys/kvdefinekeys.sty
Package: kvdefinekeys 2019-12-19 v1.6 Define keys (HO)
) (/usr/local/texlive/2020/texmf-dist/tex/generic/pdfescape/pdfescape.sty
Package: pdfescape 2019/12/09 v1.15 Implements pdfTeX's escape features (HO)
) (/usr/local/texlive/2020/texmf-dist/tex/latex/hycolor/hycolor.sty
Package: hycolor 2020-01-27 v1.10 Color options for hyperref/bookmark (HO)
) (/usr/local/texlive/2020/texmf-dist/tex/latex/letltxmacro/letltxmacro.sty
Package: letltxmacro 2019/12/03 v1.6 Let assignment for LaTeX macros (HO)
) (/usr/local/texlive/2020/texmf-dist/tex/latex/auxhook/auxhook.sty
Package: auxhook 2019-12-17 v1.6 Hooks for auxiliary files (HO)
) (/usr/local/texlive/2020/texmf-dist/tex/latex/kvoptions/kvoptions.sty
Package: kvoptions 2019/11/29 v3.13 Key value format for package options (HO)
)
\@linkdim=\dimen149
\Hy@linkcounter=\count184
\Hy@pagecounter=\count185
 (/usr/local/texlive/2020/texmf-dist/tex/latex/hyperref/pd1enc.def
File: pd1enc.def 2020/01/14 v7.00d Hyperref: PDFDocEncoding definition (HO)
Now handling font encoding PD1 ...
... no UTF-8 mapping file for font encoding PD1
) (/usr/local/texlive/2020/texmf-dist/tex/generic/intcalc/intcalc.sty
Package: intcalc 2019/12/15 v1.3 Expandable calculations with integers (HO)
) (/usr/local/texlive/2020/texmf-dist/tex/generic/etexcmds/etexcmds.sty
Package: etexcmds 2019/12/15 v1.7 Avoid name clashes with e-TeX commands (HO)
)
\Hy@SavedSpaceFactor=\count186
Package hyperref Info: Hyper figures OFF on input line 4547.
Package hyperref Info: Link nesting OFF on input line 4552.
Package hyperref Info: Hyper index ON on input line 4555.
Package hyperref Info: Plain pages OFF on input line 4562.
Package hyperref Info: Backreferencing OFF on input line 4567.
Package hyperref Info: Implicit mode ON; LaTeX internals redefined.
Package hyperref Info: Bookmarks ON on input line 4800.
\c@Hy@tempcnt=\count187
 (/usr/local/texlive/2020/texmf-dist/tex/latex/url/url.sty
\Urlmuskip=\muskip16
Package: url 2013/09/16  ver 3.4  Verb mode for urls, etc.
)
LaTeX Info: Redefining \url on input line 5159.
\XeTeXLinkMargin=\dimen150
 (/usr/local/texlive/2020/texmf-dist/tex/generic/bitset/bitset.sty
Package: bitset 2019/12/09 v1.3 Handle bit-vector datatype (HO)
 (/usr/local/texlive/2020/texmf-dist/tex/generic/bigintcalc/bigintcalc.sty
Package: bigintcalc 2019/12/15 v1.5 Expandable calculations on big integers (HO)
))
\Fld@menulength=\count188
\Field@Width=\dimen151
\Fld@charsize=\dimen152
Package hyperref Info: Hyper figures OFF on input line 6430.
Package hyperref Info: Link nesting OFF on input line 6435.
Package hyperref Info: Hyper index ON on input line 6438.
Package hyperref Info: backreferencing OFF on input line 6445.
Package hyperref Info: Link coloring OFF on input line 6450.
Package hyperref Info: Link coloring with OCG OFF on input line 6455.
Package hyperref Info: PDF/A mode OFF on input line 6460.
LaTeX Info: Redefining \ref on input line 6500.
LaTeX Info: Redefining \pageref on input line 6504.
\Hy@abspage=\count189
\c@Item=\count190
\c@Hfootnote=\count191
)
Package hyperref Info: Driver (autodetected): hpdftex.
 (/usr/local/texlive/2020/texmf-dist/tex/latex/hyperref/hpdftex.def
File: hpdftex.def 2020/01/14 v7.00d Hyperref driver for pdfTeX
 (/usr/local/texlive/2020/texmf-dist/tex/latex/atveryend/atveryend.sty
Package: atveryend 2019-12-11 v1.11 Hooks at the very end of document (HO)
Package atveryend Info: \enddocument detected (standard20110627).
)
\Fld@listcount=\count192
\c@bookmark@seq@number=\count193
 (/usr/local/texlive/2020/texmf-dist/tex/latex/rerunfilecheck/rerunfilecheck.sty
Package: rerunfilecheck 2019/12/05 v1.9 Rerun checks for auxiliary files (HO)
 (/usr/local/texlive/2020/texmf-dist/tex/generic/uniquecounter/uniquecounter.sty
Package: uniquecounter 2019/12/15 v1.4 Provide unlimited unique counter (HO)
)
Package uniquecounter Info: New unique counter `rerunfilecheck' on input line 286.
)
\Hy@SectionHShift=\skip52
) (/usr/local/texlive/2020/texmf-dist/tex/latex/listings/listings.sty
\lst@mode=\count194
\lst@gtempboxa=\box47
\lst@token=\toks19
\lst@length=\count195
\lst@currlwidth=\dimen153
\lst@column=\count196
\lst@pos=\count197
\lst@lostspace=\dimen154
\lst@width=\dimen155
\lst@newlines=\count198
\lst@lineno=\count199
\lst@maxwidth=\dimen156
 (/usr/local/texlive/2020/texmf-dist/tex/latex/listings/lstmisc.sty
File: lstmisc.sty 2020/03/24 1.8d (Carsten Heinz)
\c@lstnumber=\count266
\lst@skipnumbers=\count267
\lst@framebox=\box48
) (/usr/local/texlive/2020/texmf-dist/tex/latex/listings/listings.cfg
File: listings.cfg 2020/03/24 1.8d listings configuration
))
Package: listings 2020/03/24 1.8d (Carsten Heinz)
 (/usr/local/texlive/2020/texmf-dist/tex/latex/setspace/setspace.sty
Package: setspace 2011/12/19 v6.7a set line spacing
) (/usr/local/texlive/2020/texmf-dist/tex/latex/tocloft/tocloft.sty
Package: tocloft 2017/08/31 v2.3i parameterised ToC, etc., typesetting
Package tocloft Info: The document has chapter divisions on input line 51.
\cftparskip=\skip53
\cftbeforetoctitleskip=\skip54
\cftaftertoctitleskip=\skip55
\cftbeforepartskip=\skip56
\cftpartnumwidth=\skip57
\cftpartindent=\skip58
\cftbeforechapskip=\skip59
\cftchapindent=\skip60
\cftchapnumwidth=\skip61
\cftbeforesecskip=\skip62
\cftsecindent=\skip63
\cftsecnumwidth=\skip64
\cftbeforesubsecskip=\skip65
\cftsubsecindent=\skip66
\cftsubsecnumwidth=\skip67
\cftbeforesubsubsecskip=\skip68
\cftsubsubsecindent=\skip69
\cftsubsubsecnumwidth=\skip70
\cftbeforeparaskip=\skip71
\cftparaindent=\skip72
\cftparanumwidth=\skip73
\cftbeforesubparaskip=\skip74
\cftsubparaindent=\skip75
\cftsubparanumwidth=\skip76
\cftbeforeloftitleskip=\skip77
\cftafterloftitleskip=\skip78
\cftbeforefigskip=\skip79
\cftfigindent=\skip80
\cftfignumwidth=\skip81
\c@lofdepth=\count268
\c@lotdepth=\count269
\cftbeforelottitleskip=\skip82
\cftafterlottitleskip=\skip83
\cftbeforetabskip=\skip84
\cfttabindent=\skip85
\cfttabnumwidth=\skip86
) (/usr/local/texlive/2020/texmf-dist/tex/latex/amsmath/amsmath.sty
Package: amsmath 2020/01/20 v2.17e AMS math features
\@mathmargin=\skip87

For additional information on amsmath, use the `?' option.
(/usr/local/texlive/2020/texmf-dist/tex/latex/amsmath/amstext.sty
Package: amstext 2000/06/29 v2.01 AMS text
 (/usr/local/texlive/2020/texmf-dist/tex/latex/amsmath/amsgen.sty
File: amsgen.sty 1999/11/30 v2.0 generic functions
\@emptytoks=\toks20
\ex@=\dimen157
)) (/usr/local/texlive/2020/texmf-dist/tex/latex/amsmath/amsbsy.sty
Package: amsbsy 1999/11/29 v1.2d Bold Symbols
\pmbraise@=\dimen158
) (/usr/local/texlive/2020/texmf-dist/tex/latex/amsmath/amsopn.sty
Package: amsopn 2016/03/08 v2.02 operator names
)
\inf@bad=\count270
LaTeX Info: Redefining \frac on input line 227.
\uproot@=\count271
\leftroot@=\count272
LaTeX Info: Redefining \overline on input line 389.
\classnum@=\count273
\DOTSCASE@=\count274
LaTeX Info: Redefining \ldots on input line 486.
LaTeX Info: Redefining \dots on input line 489.
LaTeX Info: Redefining \cdots on input line 610.
\Mathstrutbox@=\box49
\strutbox@=\box50
\big@size=\dimen159
LaTeX Font Info:    Redeclaring font encoding OML on input line 733.
LaTeX Font Info:    Redeclaring font encoding OMS on input line 734.
\macc@depth=\count275
\c@MaxMatrixCols=\count276
\dotsspace@=\muskip17
\c@parentequation=\count277
\dspbrk@lvl=\count278
\tag@help=\toks21
\row@=\count279
\column@=\count280
\maxfields@=\count281
\andhelp@=\toks22
\eqnshift@=\dimen160
\alignsep@=\dimen161
\tagshift@=\dimen162
\tagwidth@=\dimen163
\totwidth@=\dimen164
\lineht@=\dimen165
\@envbody=\toks23
\multlinegap=\skip88
\multlinetaggap=\skip89
\mathdisplay@stack=\toks24
LaTeX Info: Redefining \[ on input line 2859.
LaTeX Info: Redefining \] on input line 2860.
) (/usr/local/texlive/2020/texmf-dist/tex/latex/chngcntr/chngcntr.sty
Package: chngcntr 2018/04/09 v1.1a change counter resetting
Package chngcntr Info: \counterwithout already defined.
(chngcntr)             Quitting chngcntr on input line 21.
) (/usr/local/texlive/2020/texmf-dist/tex/latex/appendix/appendix.sty
Package: appendix 2020/02/08 v1.2c extra appendix facilities
\c@@pps=\count282
\c@@ppsavesec=\count283
\c@@ppsaveapp=\count284
) (/usr/local/texlive/2020/texmf-dist/tex/latex/base/fontenc.sty
Package: fontenc 2020/02/11 v2.0o Standard LaTeX package
) (/usr/local/texlive/2020/texmf-dist/tex/latex/tocbibind/tocbibind.sty
Package: tocbibind 2010/10/13 v1.5k extra ToC listings
Package tocbibind Info: The document has chapter divisions on input line 50.


Package tocbibind Note: Using chapter style headings, unless overridden.

) (/usr/local/texlive/2020/texmf-dist/tex/latex/titlesec/titlesec.sty
Package: titlesec 2019/10/16 v2.13 Sectioning titles
\ttl@box=\box51
\beforetitleunit=\skip90
\aftertitleunit=\skip91
\ttl@plus=\dimen166
\ttl@minus=\dimen167
\ttl@toksa=\toks25
\titlewidth=\dimen168
\titlewidthlast=\dimen169
\titlewidthfirst=\dimen170
)
\@input{thesis.preamble.aux}
\openout2 = `thesis.preamble.aux'.

(/Users/francisco/Google Drive/02_UPF/Thesis/Deliverables/Template Thesis CEBM /thesis.preamble.tex (/usr/local/texlive/2020/texmf-dist/tex/latex/tools/verbatim.sty
Package: verbatim 2019/11/10 v1.5r LaTeX2e package for verbatim enhancements
\every@verbatim=\toks26
\verbatim@line=\toks27
\verbatim@in@stream=\read2
) (/usr/local/texlive/2020/texmf-dist/tex/latex/base/latexsym.sty
Package: latexsym 1998/08/17 v2.2e Standard LaTeX package (lasy symbols)
\symlasy=\mathgroup4
LaTeX Font Info:    Overwriting symbol font `lasy' in version `bold'
(Font)                  U/lasy/m/n --> U/lasy/b/n on input line 52.
) (/Users/francisco/Google Drive/02_UPF/Thesis/Deliverables/Template Thesis CEBM /mathchars.sty) (/usr/local/texlive/2020/texmf-dist/tex/latex/blindtext/blindtext.sty
Package: blindtext 2012/01/06 V2.0 blindtext-Package
 (/usr/local/texlive/2020/texmf-dist/tex/latex/tools/xspace.sty
Package: xspace 2014/10/28 v1.13 Space after command names (DPC,MH)
)
\c@blindtext=\count285
\c@Blindtext=\count286
\c@blind@countparstart=\count287
\blind@countxx=\count288
\blindtext@numBlindtext=\count289
\blind@countyy=\count290
\c@blindlist=\count291
\c@blindlistlevel=\count292
\c@blindlist@level=\count293
\blind@listitem=\count294
\c@blind@listcount=\count295
\c@blind@levelcount=\count296
\blind@mathformula=\count297
\blind@Mathformula=\count298
\c@blind@randomcount=\count299
\c@blind@randommax=\count300
\c@blind@pangramcount=\count301
\c@blind@pangrammax=\count302
) (/usr/local/texlive/2020/texmf-dist/tex/latex/float/float.sty
Package: float 2001/11/08 v1.3d Float enhancements (AL)
\c@float@type=\count303
\float@exts=\toks28
\float@box=\box52
\@float@everytoks=\toks29
\@floatcapt=\box53
) (/Users/francisco/Google Drive/02_UPF/Thesis/Deliverables/Template Thesis CEBM /blocked.sty) (/Users/francisco/Google Drive/02_UPF/Thesis/Deliverables/Template Thesis CEBM /uhead.sty) (/Users/francisco/Google Drive/02_UPF/Thesis/Deliverables/Template Thesis CEBM /boxit.sty) (/Users/francisco/Google Drive/02_UPF/Thesis/Deliverables/Template Thesis CEBM /icthesis.sty)
\c@definition=\count304
\c@theorem=\count305
) (/usr/local/texlive/2020/texmf-dist/tex/latex/l3backend/l3backend-pdfmode.def
File: l3backend-pdfmode.def 2020-03-12 L3 backend support: PDF mode
\l__kernel_color_stack_int=\count306
\l__pdf_internal_box=\box54
) (/Users/francisco/Google Drive/02_UPF/Thesis/Deliverables/Template Thesis CEBM /MasterThesis.aux)
\openout1 = `MasterThesis.aux'.

LaTeX Font Info:    Checking defaults for OML/cmm/m/it on input line 27.
LaTeX Font Info:    ... okay on input line 27.
LaTeX Font Info:    Checking defaults for OMS/cmsy/m/n on input line 27.
LaTeX Font Info:    ... okay on input line 27.
LaTeX Font Info:    Checking defaults for OT1/cmr/m/n on input line 27.
LaTeX Font Info:    ... okay on input line 27.
LaTeX Font Info:    Checking defaults for T1/cmr/m/n on input line 27.
LaTeX Font Info:    ... okay on input line 27.
LaTeX Font Info:    Checking defaults for TS1/cmr/m/n on input line 27.
LaTeX Font Info:    ... okay on input line 27.
LaTeX Font Info:    Checking defaults for OMX/cmex/m/n on input line 27.
LaTeX Font Info:    ... okay on input line 27.
LaTeX Font Info:    Checking defaults for U/cmr/m/n on input line 27.
LaTeX Font Info:    ... okay on input line 27.
LaTeX Font Info:    Checking defaults for PD1/pdf/m/n on input line 27.
LaTeX Font Info:    ... okay on input line 27.

*geometry* driver: auto-detecting
*geometry* detected driver: pdftex
*geometry* verbose mode - [ preamble ] result:
* driver: pdftex
* paper: a4paper
* layout: <same size as paper>
* layoutoffset:(h,v)=(0.0pt,0.0pt)
* modes: twoside 
* h-part:(L,W,R)=(85.35826pt, 426.79135pt, 85.35826pt)
* v-part:(T,H,B)=(85.35826pt, 674.33032pt, 85.35826pt)
* \paperwidth=597.50787pt
* \paperheight=845.04684pt
* \textwidth=426.79135pt
* \textheight=674.33032pt
* \oddsidemargin=13.08827pt
* \evensidemargin=13.08827pt
* \topmargin=-23.91173pt
* \headheight=12.0pt
* \headsep=25.0pt
* \topskip=12.0pt
* \footskip=30.0pt
* \marginparwidth=85.0pt
* \marginparsep=10.0pt
* \columnsep=10.0pt
* \skip\footins=10.8pt plus 4.0pt minus 2.0pt
* \hoffset=0.0pt
* \voffset=0.0pt
* \mag=1000
* \@twocolumnfalse
* \@twosidetrue
* \@mparswitchtrue
* \@reversemarginfalse
* (1in=72.27pt=25.4mm, 1cm=28.453pt)

\AtBeginShipoutBox=\box55
(/usr/local/texlive/2020/texmf-dist/tex/context/base/mkii/supp-pdf.mkii
[Loading MPS to PDF converter (version 2006.09.02).]
\scratchcounter=\count307
\scratchdimen=\dimen171
\scratchbox=\box56
\nofMPsegments=\count308
\nofMParguments=\count309
\everyMPshowfont=\toks30
\MPscratchCnt=\count310
\MPscratchDim=\dimen172
\MPnumerator=\count311
\makeMPintoPDFobject=\count312
\everyMPtoPDFconversion=\toks31
) (/usr/local/texlive/2020/texmf-dist/tex/latex/epstopdf-pkg/epstopdf-base.sty
Package: epstopdf-base 2020-01-24 v2.11 Base part for package epstopdf
Package epstopdf-base Info: Redefining graphics rule for `.eps' on input line 485.
 (/usr/local/texlive/2020/texmf-dist/tex/latex/latexconfig/epstopdf-sys.cfg
File: epstopdf-sys.cfg 2010/07/13 v1.3 Configuration of (r)epstopdf for TeX Live
)) (/usr/local/texlive/2020/texmf-dist/tex/latex/pdflscape/pdflscape.sty
Package: pdflscape 2019/12/05 v0.12 Display of landscape pages in PDF (HO)
 (/usr/local/texlive/2020/texmf-dist/tex/latex/graphics/lscape.sty
Package: lscape 2000/10/22 v3.01 Landscape Pages (DPC)
)
Package pdflscape Info: Auto-detected driver: pdftex on input line 81.
)
Package hyperref Info: Link coloring OFF on input line 27.
 (/usr/local/texlive/2020/texmf-dist/tex/latex/hyperref/nameref.sty
Package: nameref 2019/09/16 v2.46 Cross-referencing by name of section
 (/usr/local/texlive/2020/texmf-dist/tex/latex/refcount/refcount.sty
Package: refcount 2019/12/15 v3.6 Data extraction from label references (HO)
) (/usr/local/texlive/2020/texmf-dist/tex/generic/gettitlestring/gettitlestring.sty
Package: gettitlestring 2019/12/15 v1.6 Cleanup title references (HO)
)
\c@section@level=\count313
)
LaTeX Info: Redefining \ref on input line 27.
LaTeX Info: Redefining \pageref on input line 27.
LaTeX Info: Redefining \nameref on input line 27.
 (/Users/francisco/Google Drive/02_UPF/Thesis/Deliverables/Template Thesis CEBM /MasterThesis.out) (/Users/francisco/Google Drive/02_UPF/Thesis/Deliverables/Template Thesis CEBM /MasterThesis.out)
\@outlinefile=\write3
\openout3 = `MasterThesis.out'.

\c@lstlisting=\count314
*geometry* verbose mode - [ newgeometry ] result:
* driver: pdftex
* paper: a4paper
* layout: <same size as paper>
* layoutoffset:(h,v)=(0.0pt,0.0pt)
* modes: twoside 
* h-part:(L,W,R)=(56.9055pt, 483.69687pt, 56.9055pt)
* v-part:(T,H,B)=(101.40665pt, 591.5302pt, 152.11pt)
* \paperwidth=597.50787pt
* \paperheight=845.04684pt
* \textwidth=483.69687pt
* \textheight=591.5302pt
* \oddsidemargin=-15.36449pt
* \evensidemargin=-15.36449pt
* \topmargin=-7.86334pt
* \headheight=12.0pt
* \headsep=25.0pt
* \topskip=12.0pt
* \footskip=30.0pt
* \marginparwidth=85.0pt
* \marginparsep=10.0pt
* \columnsep=10.0pt
* \skip\footins=10.8pt plus 4.0pt minus 2.0pt
* \hoffset=0.0pt
* \voffset=0.0pt
* \mag=1000
* \@twocolumnfalse
* \@twosidetrue
* \@mparswitchtrue
* \@reversemarginfalse
* (1in=72.27pt=25.4mm, 1cm=28.453pt)

<Figures/LogoPompeuFabra.jpg, id=87, 632.3625pt x 321.2pt>
File: Figures/LogoPompeuFabra.jpg Graphic file (type jpg)
<use Figures/LogoPompeuFabra.jpg>
Package pdftex.def Info: Figures/LogoPompeuFabra.jpg  used on input line 40.
(pdftex.def)             Requested size: 227.62204pt x 115.6172pt.

Overfull \vbox (22.08278pt too high) detected at line 40
 []

[1




{/usr/local/texlive/2020/texmf-var/fonts/map/pdftex/updmap/pdftex.map} </Users/francisco/Google Drive/02_UPF/Thesis/Deliverables/Template Thesis CEBM /Figures/LogoPompeuFabra.jpg>] [2

] (/Users/francisco/Google Drive/02_UPF/Thesis/Deliverables/Template Thesis CEBM /MasterThesis.toc
LaTeX Font Info:    Trying to load font information for U+lasy on input line 1.
 (/usr/local/texlive/2020/texmf-dist/tex/latex/base/ulasy.fd
File: ulasy.fd 1998/08/17 v2.2e LaTeX symbol font definitions
) [1

])
\tf@toc=\write4
\openout4 = `MasterThesis.toc'.

pdfTeX warning (ext4): destination with the same identifier (name{page.}) has been already used, duplicate ignored
<to be read again> 
                   \relax 
l.46 \cleardoublepage
                      [2] (/Users/francisco/Google Drive/02_UPF/Thesis/Deliverables/Template Thesis CEBM /abstract/abstract.texpdfTeX warning (ext4): destination with the same identifier (name{page.}) has been already used, duplicate ignored
<to be read again> 
                   \relax 
l.11 \newpage
              [1

]pdfTeX warning (ext4): destination with the same identifier (name{page.}) has been already used, duplicate ignored
<to be read again> 
                   \relax 
l.12 \end{abstract}
                    [2

]) (/Users/francisco/Google Drive/02_UPF/Thesis/Deliverables/Template Thesis CEBM /introduction/introduction.tex
Chapter 1.
pdfTeX warning (ext4): destination with the same identifier (name{page.1}) has been already used, duplicate ignored
<to be read again> 
                   \relax 
l.9 
     [1



]) (/Users/francisco/Google Drive/02_UPF/Thesis/Deliverables/Template Thesis CEBM /soa/soa.texpdfTeX warning (ext4): destination with the same identifier (name{page.2}) has been already used, duplicate ignored
<to be read again> 
                   \relax 
l.3 \chapter
            {State of The Art} [2]
Chapter 2.
<Figures/pyramid-activity.png, id=184, 343.2825pt x 206.7725pt>
File: Figures/pyramid-activity.png Graphic file (type png)
<use Figures/pyramid-activity.png>
Package pdftex.def Info: Figures/pyramid-activity.png  used on input line 13.
(pdftex.def)             Requested size: 426.79135pt x 257.07043pt.
[3

]

LaTeX Warning: `!h' float specifier changed to `!ht'.

[4] [5pdfTeX warning (ext4): destination with the same identifier (name{figure.2.1}) has been already used, duplicate ignored

\AtBegShi@Output ...ipout \box \AtBeginShipoutBox 
                                                  \fi \fi 
l.22 ...g Analytics and Teacher-facing dashboards}
                                                   </Users/francisco/Google Drive/02_UPF/Thesis/Deliverables/Template Thesis CEBM /Figures/pyramid-activity.png>]
Overfull \hbox (3.38972pt too wide) in paragraph at lines 22--22
|[]\T1/cmr/bx/n/14.4 Learning De-sign, Learn-ing An-a-lyt-ics and Teacher-facing
 []

[6] [7] [8] [9]
Underfull \hbox (badness 10000) in paragraph at lines 56--80
[][]
 []

<Figures/evaluators.png, id=279, 2139.995pt x 1353.055pt>
File: Figures/evaluators.png Graphic file (type png)
<use Figures/evaluators.png>
Package pdftex.def Info: Figures/evaluators.png  used on input line 84.
(pdftex.def)             Requested size: 426.79135pt x 269.8423pt.
[10] [11pdfTeX warning (ext4): destination with the same identifier (name{figure.2.2}) has been already used, duplicate ignored

\AtBegShi@Output ...ipout \box \AtBeginShipoutBox 
                                                  \fi \fi 
l.91 \subsection{Field research}
                                 </Users/francisco/Google Drive/02_UPF/Thesis/Deliverables/Template Thesis CEBM /Figures/evaluators.png>] [12pdfTeX warning (ext4): destination with the same identifier (name{table.2.1}) has been already used, duplicate ignored

\AtBegShi@Output ...ipout \box \AtBeginShipoutBox 
                                                  \fi \fi 
l.91 \subsection{Field research}
                                ] [13] [14]) (/Users/francisco/Google Drive/02_UPF/Thesis/Deliverables/Template Thesis CEBM /researchquestions/researchquestions.tex
Chapter 3.
[15

] [16]) (/Users/francisco/Google Drive/02_UPF/Thesis/Deliverables/Template Thesis CEBM /methods/methods.tex
Chapter 4.
<Figures/triangulation.png, id=341, 1228.59pt x 1108.14pt>
File: Figures/triangulation.png Graphic file (type png)
<use Figures/triangulation.png>
Package pdftex.def Info: Figures/triangulation.png  used on input line 6.
(pdftex.def)             Requested size: 426.79135pt x 384.94649pt.

LaTeX Warning: `!h' float specifier changed to `!ht'.

[17

] [18pdfTeX warning (ext4): destination with the same identifier (name{figure.4.3}) has been already used, duplicate ignored

\AtBegShi@Output ...ipout \box \AtBeginShipoutBox 
                                                  \fi \fi 
l.16 \section{Environment}
                           \label{environment} </Users/francisco/Google Drive/02_UPF/Thesis/Deliverables/Template Thesis CEBM /Figures/triangulation.png>] [19]
<Figures/pyramidapp1.png, id=379, 1929.2075pt x 1202.4925pt>
File: Figures/pyramidapp1.png Graphic file (type png)
<use Figures/pyramidapp1.png>
Package pdftex.def Info: Figures/pyramidapp1.png  used on input line 26.
(pdftex.def)             Requested size: 426.79135pt x 266.01704pt.
<Figures/pyramidapp2.png, id=387, 1913.1475pt x 1505.625pt>
File: Figures/pyramidapp2.png Graphic file (type png)
<use Figures/pyramidapp2.png>
Package pdftex.def Info: Figures/pyramidapp2.png  used on input line 32.
(pdftex.def)             Requested size: 426.79135pt x 335.87926pt.
<Figures/pyramidapp3.png, id=389, 1913.1475pt x 1497.595pt>
File: Figures/pyramidapp3.png Graphic file (type png)
<use Figures/pyramidapp3.png>
Package pdftex.def Info: Figures/pyramidapp3.png  used on input line 37.
(pdftex.def)             Requested size: 426.79135pt x 334.0879pt.
<Figures/pyramidapp4.png, id=391, 1365.1pt x 1055.945pt>
File: Figures/pyramidapp4.png Graphic file (type png)
<use Figures/pyramidapp4.png>
Package pdftex.def Info: Figures/pyramidapp4.png  used on input line 42.
(pdftex.def)             Requested size: 426.79135pt x 330.12701pt.
<Figures/pyramidapp5.png, id=393, 678.535pt x 515.9275pt>
File: Figures/pyramidapp5.png Graphic file (type png)
<use Figures/pyramidapp5.png>
Package pdftex.def Info: Figures/pyramidapp5.png  used on input line 47.
(pdftex.def)             Requested size: 426.79135pt x 324.50859pt.


LaTeX Warning: `!h' float specifier changed to `!ht'.

[20]

LaTeX Warning: `!h' float specifier changed to `!ht'.


LaTeX Warning: `!h' float specifier changed to `!ht'.


LaTeX Warning: `!h' float specifier changed to `!ht'.


LaTeX Warning: `!h' float specifier changed to `!ht'.

<Figures/pyramidapp6.png, id=408, 2242.3775pt x 1806.75pt>
File: Figures/pyramidapp6.png Graphic file (type png)
<use Figures/pyramidapp6.png>
Package pdftex.def Info: Figures/pyramidapp6.png  used on input line 54.
(pdftex.def)             Requested size: 426.79135pt x 343.865pt.
<Figures/pyramidapp7.png, id=410, 3193.9325pt x 1092.08pt>
File: Figures/pyramidapp7.png Graphic file (type png)
<use Figures/pyramidapp7.png>
Package pdftex.def Info: Figures/pyramidapp7.png  used on input line 59.
(pdftex.def)             Requested size: 426.79135pt x 145.9247pt.

LaTeX Warning: `!h' float specifier changed to `!ht'.


LaTeX Warning: `!h' float specifier changed to `!ht'.

[21pdfTeX warning (ext4): destination with the same identifier (name{figure.4.4}) has been already used, duplicate ignored

\AtBegShi@Output ...ipout \box \AtBeginShipoutBox 
                                                  \fi \fi 
l.66 
      </Users/francisco/Google Drive/02_UPF/Thesis/Deliverables/Template Thesis CEBM /Figures/pyramidapp1.png>] [22pdfTeX warning (ext4): destination with the same identifier (name{figure.4.5}) has been already used, duplicate ignored

\AtBegShi@Output ...ipout \box \AtBeginShipoutBox 
                                                  \fi \fi 
l.70 \section{Study Design}
                            </Users/francisco/Google Drive/02_UPF/Thesis/Deliverables/Template Thesis CEBM /Figures/pyramidapp2.png>]
Underfull \hbox (badness 10000) in paragraph at lines 72--78

 []

[23pdfTeX warning (ext4): destination with the same identifier (name{figure.4.6}) has been already used, duplicate ignored

\AtBegShi@Output ...ipout \box \AtBeginShipoutBox 
                                                  \fi \fi 
l.78 ...re for orchestration load data collection}
                                                   </Users/francisco/Google Drive/02_UPF/Thesis/Deliverables/Template Thesis CEBM /Figures/pyramidapp3.png>] [24pdfTeX warning (ext4): destination with the same identifier (name{figure.4.7}) has been already used, duplicate ignored

\AtBegShi@Output ...ipout \box \AtBeginShipoutBox 
                                                  \fi \fi 
l.78 ...re for orchestration load data collection}
                                                   </Users/francisco/Google Drive/02_UPF/Thesis/Deliverables/Template Thesis CEBM /Figures/pyramidapp4.png>] [25pdfTeX warning (ext4): destination with the same identifier (name{figure.4.8}) has been already used, duplicate ignored

\AtBegShi@Output ...ipout \box \AtBeginShipoutBox 
                                                  \fi \fi 
l.81 ...nt for orchestration load data collection}
                                                   \label{recording-equipment} </Users/francisco/Google Drive/02_UPF/Thesis/Deliverables/Template Thesis CEBM /Figures/pyramidapp5.png>] [26pdfTeX warning (ext4): destination with the same identifier (name{figure.4.9}) has been already used, duplicate ignored

\AtBegShi@Output ...ipout \box \AtBeginShipoutBox 
                                                  \fi \fi 
l.81 ...nt for orchestration load data collection}
                                                   \label{recording-equipment}pdfTeX warning (ext4): destination with the same identifier (name{figure.4.10}) has been already used, duplicate ignored

\AtBegShi@Output ...ipout \box \AtBeginShipoutBox 
                                                  \fi \fi 
l.81 ...nt for orchestration load data collection}
                                                   \label{recording-equipment} </Users/francisco/Google Drive/02_UPF/Thesis/Deliverables/Template Thesis CEBM /Figures/pyramidapp6.png> </Users/francisco/Google Drive/02_UPF/Thesis/Deliverables/Template Thesis CEBM /Figures/pyramidapp7.png>]
<Figures/pyramidapp8.png, id=468, 2971.1pt x 1463.4675pt>
File: Figures/pyramidapp8.png Graphic file (type png)
<use Figures/pyramidapp8.png>
Package pdftex.def Info: Figures/pyramidapp8.png  used on input line 90.
(pdftex.def)             Requested size: 426.79135pt x 210.22108pt.
<Figures/pyramidapp9.png, id=470, 2969.0925pt x 1457.445pt>
File: Figures/pyramidapp9.png Graphic file (type png)
<use Figures/pyramidapp9.png>
Package pdftex.def Info: Figures/pyramidapp9.png  used on input line 95.
(pdftex.def)             Requested size: 426.79135pt x 209.48941pt.
<Figures/environment.jpg, id=472, 1906.12125pt x 1906.12125pt>
File: Figures/environment.jpg Graphic file (type jpg)
<use Figures/environment.jpg>
Package pdftex.def Info: Figures/environment.jpg  used on input line 100.
(pdftex.def)             Requested size: 426.79135pt x 426.79375pt.
 [27]

LaTeX Warning: `!h' float specifier changed to `!ht'.

<Figures/shimmer.png, id=482, 1252.68pt x 1678.27pt>
File: Figures/shimmer.png Graphic file (type png)
<use Figures/shimmer.png>
Package pdftex.def Info: Figures/shimmer.png  used on input line 110.
(pdftex.def)             Requested size: 426.79135pt x 571.78224pt.
[28pdfTeX warning (ext4): destination with the same identifier (name{figure.4.11}) has been already used, duplicate ignored

\AtBegShi@Output ...ipout \box \AtBeginShipoutBox 
                                                  \fi \fi 
l.114 \subsubsection{Post-activity questionnaire}
                                                 pdfTeX warning (ext4): destination with the same identifier (name{figure.4.12}) has been already used, duplicate ignored

\AtBegShi@Output ...ipout \box \AtBeginShipoutBox 
                                                  \fi \fi 
l.114 \subsubsection{Post-activity questionnaire}
                                                  </Users/francisco/Google Drive/02_UPF/Thesis/Deliverables/Template Thesis CEBM /Figures/pyramidapp8.png> </Users/francisco/Google Drive/02_UPF/Thesis/Deliverables/Template Thesis CEBM /Figures/pyramidapp9.png>] [29pdfTeX warning (ext4): destination with the same identifier (name{figure.4.13}) has been already used, duplicate ignored

\AtBegShi@Output ...ipout \box \AtBeginShipoutBox 
                                                  \fi \fi 
l.114 \subsubsection{Post-activity questionnaire}
                                                  </Users/francisco/Google Drive/02_UPF/Thesis/Deliverables/Template Thesis CEBM /Figures/environment.jpg>] [30pdfTeX warning (ext4): destination with the same identifier (name{figure.4.14}) has been already used, duplicate ignored

\AtBegShi@Output ...ipout \box \AtBeginShipoutBox 
                                                  \fi \fi 
l.117 ...for usability evaluation data collection}
                                                   </Users/francisco/Google Drive/02_UPF/Thesis/Deliverables/Template Thesis CEBM /Figures/shimmer.png>] [31]
<Figures/evaluation_table.png, id=521, 905.3825pt x 345.29pt>
File: Figures/evaluation_table.png Graphic file (type png)
<use Figures/evaluation_table.png>
Package pdftex.def Info: Figures/evaluation_table.png  used on input line 130.
(pdftex.def)             Requested size: 426.79135pt x 162.76576pt.


LaTeX Warning: `!h' float specifier changed to `!ht'.

[32] [33pdfTeX warning (ext4): destination with the same identifier (name{figure.4.15}) has been already used, duplicate ignored

\AtBegShi@Output ...ipout \box \AtBeginShipoutBox 
                                                  \fi \fi 
l.147 ...on{Data analysis for research question 1}
                                                   </Users/francisco/Google Drive/02_UPF/Thesis/Deliverables/Template Thesis CEBM /Figures/evaluation_table.png>] [34]
<Figures/Heuristic-evaluation-diagram.png, id=542, 1879.02pt x 421.575pt>
File: Figures/Heuristic-evaluation-diagram.png Graphic file (type png)
<use Figures/Heuristic-evaluation-diagram.png>
Package pdftex.def Info: Figures/Heuristic-evaluation-diagram.png  used on input line 163.
(pdftex.def)             Requested size: 426.79135pt x 95.75085pt.
 [35pdfTeX warning (ext4): destination with the same identifier (name{figure.4.16}) has been already used, duplicate ignored

\AtBegShi@Output ...ipout \box \AtBeginShipoutBox 
                                                  \fi \fi 
l.169 \newpage
               </Users/francisco/Google Drive/02_UPF/Thesis/Deliverables/Template Thesis CEBM /Figures/Heuristic-evaluation-diagram.png>] [36]) (/Users/francisco/Google Drive/02_UPF/Thesis/Deliverables/Template Thesis CEBM /MasterThesis.bbl [37

] [38]
LaTeX Font Info:    Trying to load font information for T1+cmtt on input line 180.
 (/usr/local/texlive/2020/texmf-dist/tex/latex/base/t1cmtt.fd
File: t1cmtt.fd 2019/12/16 v2.5j Standard LaTeX font definitions
)
Underfull \hbox (badness 1721) in paragraph at lines 210--217
[]\T1/cmr/m/n/12 Xhakaj, F., Aleven, V. & Mclaren, B. M.  How teach-ers use data
 []


Underfull \hbox (badness 1365) in paragraph at lines 210--217
\T1/cmr/m/n/12 to help stu-dents learn: Con-tex-tual in-quiry for the de-sign of a dash-
 []


Underfull \hbox (badness 7796) in paragraph at lines 210--217
\T1/cmr/m/n/12 board.  []$\T1/cmtt/m/n/12 https : / / www . researchgate . net / publication / 307854469 _ How _
 []


Underfull \hbox (badness 10000) in paragraph at lines 210--217
\T1/cmtt/m/n/12 Teachers _ Use _ Data _ to _ Help _ Students _ Learn _ Contextual _ Inquiry _ for _
 []

[39]
Underfull \hbox (badness 10000) in paragraph at lines 269--275
[]$\T1/cmtt/m/n/12 https : / / www . researchgate . net / publication / 329655236 _ Galvanic _ Skin _
 []


Underfull \hbox (badness 10000) in paragraph at lines 269--275
\T1/cmtt/m/n/12 Response _ as _ a _ Simple _ Physiology _ Lab _ Teaching _ Tool-[]An _ Alternative _
 []


Underfull \hbox (badness 7308) in paragraph at lines 278--282
[]\T1/cmr/m/n/12 Ergonomic re-quire-ments for of-fice work with vi-sual dis-play ter-mi-
 []


Underfull \hbox (badness 2318) in paragraph at lines 278--282
\T1/cmr/m/n/12 nals (VDTs).  []$\T1/cmtt/m/n/12 http : / / www . it . uu . se / edu / course / homepage / acsd / vt09 /
 []


Underfull \hbox (badness 2744) in paragraph at lines 306--311
[]\T1/cmr/m/n/12 Nielsen, J.  How to con-duct a heuris-tic eval-u-a-tion.  []$\T1/cmtt/m/n/12 http : / / www .
 []

[40]
Underfull \hbox (badness 1394) in paragraph at lines 340--348
[]\T1/cmr/m/n/12 Pensabe-Rodriguez, A., Lopez-Dominguez, E., Hernandez-Velazquez, Y.,
 []

[41]) (/Users/francisco/Google Drive/02_UPF/Thesis/Deliverables/Template Thesis CEBM /appendix/appendix.tex [42]pdfTeX warning (ext4): destination with the same identifier (name{chapter.1}) has been already used, duplicate ignored
<to be read again> 
                   \relax 
l.3 \chapter{Appendices}
                        
Appendix A.
[43

]

pdfTeX warning: pdflatex (file /Users/francisco/Google Drive/02_UPF/Thesis/Deliverables/Template Thesis CEBM /appendix/consent_teachers.pdf): PDF inclusion: found PDF version <1.7>, but at most version <1.5> allowed
<appendix/consent_teachers.pdf, id=610, 597.6729pt x 844.83629pt>
File: appendix/consent_teachers.pdf Graphic file (type pdf)
<use appendix/consent_teachers.pdf>
Package pdftex.def Info: appendix/consent_teachers.pdf  used on input line 18.
(pdftex.def)             Requested size: 597.67143pt x 844.83423pt.


pdfTeX warning: pdflatex (file /Users/francisco/Google Drive/02_UPF/Thesis/Deliverables/Template Thesis CEBM /appendix/consent_teachers.pdf): PDF inclusion: found PDF version <1.7>, but at most version <1.5> allowed
File: appendix/consent_teachers.pdf Graphic file (type pdf)
<use appendix/consent_teachers.pdf>
Package pdftex.def Info: appendix/consent_teachers.pdf  used on input line 18.
(pdftex.def)             Requested size: 597.67143pt x 844.83423pt.


pdfTeX warning: pdflatex (file /Users/francisco/Google Drive/02_UPF/Thesis/Deliverables/Template Thesis CEBM /appendix/consent_teachers.pdf): PDF inclusion: found PDF version <1.7>, but at most version <1.5> allowed


pdfTeX warning: pdflatex (file /Users/francisco/Google Drive/02_UPF/Thesis/Deliverables/Template Thesis CEBM /appendix/consent_teachers.pdf): PDF inclusion: found PDF version <1.7>, but at most version <1.5> allowed
<appendix/consent_teachers.pdf, id=613, page=1, 597.6729pt x 844.83629pt>
File: appendix/consent_teachers.pdf Graphic file (type pdf)
<use appendix/consent_teachers.pdf, page 1>
Package pdftex.def Info: appendix/consent_teachers.pdf , page1 used on input line 18.
(pdftex.def)             Requested size: 597.67143pt x 844.83423pt.
File: appendix/consent_teachers.pdf Graphic file (type pdf)
<use appendix/consent_teachers.pdf, page 1>
Package pdftex.def Info: appendix/consent_teachers.pdf , page1 used on input line 18.
(pdftex.def)             Requested size: 598.173pt x 845.54323pt.
[44]
File: appendix/consent_teachers.pdf Graphic file (type pdf)
<use appendix/consent_teachers.pdf, page 1>
Package pdftex.def Info: appendix/consent_teachers.pdf , page1 used on input line 18.
(pdftex.def)             Requested size: 598.173pt x 845.54323pt.
File: appendix/consent_teachers.pdf Graphic file (type pdf)
<use appendix/consent_teachers.pdf, page 1>
Package pdftex.def Info: appendix/consent_teachers.pdf , page1 used on input line 18.
(pdftex.def)             Requested size: 598.173pt x 845.54323pt.
File: appendix/consent_teachers.pdf Graphic file (type pdf)
<use appendix/consent_teachers.pdf, page 1>
Package pdftex.def Info: appendix/consent_teachers.pdf , page1 used on input line 18.
(pdftex.def)             Requested size: 598.173pt x 845.54323pt.
 [45 </Users/francisco/Google Drive/02_UPF/Thesis/Deliverables/Template Thesis CEBM /appendix/consent_teachers.pdf>]

pdfTeX warning: pdflatex (file /Users/francisco/Google Drive/02_UPF/Thesis/Deliverables/Template Thesis CEBM /appendix/consent_teachers.pdf): PDF inclusion: found PDF version <1.7>, but at most version <1.5> allowed
<appendix/consent_teachers.pdf, id=666, page=2, 597.6729pt x 844.83629pt>
File: appendix/consent_teachers.pdf Graphic file (type pdf)
<use appendix/consent_teachers.pdf, page 2>
Package pdftex.def Info: appendix/consent_teachers.pdf , page2 used on input line 18.
(pdftex.def)             Requested size: 598.173pt x 845.54323pt.
File: appendix/consent_teachers.pdf Graphic file (type pdf)
<use appendix/consent_teachers.pdf, page 2>
Package pdftex.def Info: appendix/consent_teachers.pdf , page2 used on input line 18.
(pdftex.def)             Requested size: 598.173pt x 845.54323pt.
File: appendix/consent_teachers.pdf Graphic file (type pdf)
<use appendix/consent_teachers.pdf, page 2>
Package pdftex.def Info: appendix/consent_teachers.pdf , page2 used on input line 18.
(pdftex.def)             Requested size: 598.173pt x 845.54323pt.
[46 </Users/francisco/Google Drive/02_UPF/Thesis/Deliverables/Template Thesis CEBM /appendix/consent_teachers.pdf>]

pdfTeX warning: pdflatex (file /Users/francisco/Google Drive/02_UPF/Thesis/Deliverables/Template Thesis CEBM /appendix/consent_teachers.pdf): PDF inclusion: found PDF version <1.7>, but at most version <1.5> allowed
<appendix/consent_teachers.pdf, id=672, page=3, 597.6729pt x 844.83629pt>
File: appendix/consent_teachers.pdf Graphic file (type pdf)
<use appendix/consent_teachers.pdf, page 3>
Package pdftex.def Info: appendix/consent_teachers.pdf , page3 used on input line 18.
(pdftex.def)             Requested size: 598.173pt x 845.54323pt.
File: appendix/consent_teachers.pdf Graphic file (type pdf)
<use appendix/consent_teachers.pdf, page 3>
Package pdftex.def Info: appendix/consent_teachers.pdf , page3 used on input line 18.
(pdftex.def)             Requested size: 598.173pt x 845.54323pt.
File: appendix/consent_teachers.pdf Graphic file (type pdf)
<use appendix/consent_teachers.pdf, page 3>
Package pdftex.def Info: appendix/consent_teachers.pdf , page3 used on input line 18.
(pdftex.def)             Requested size: 598.173pt x 845.54323pt.
[47 </Users/francisco/Google Drive/02_UPF/Thesis/Deliverables/Template Thesis CEBM /appendix/consent_teachers.pdf>]

pdfTeX warning: pdflatex (file /Users/francisco/Google Drive/02_UPF/Thesis/Deliverables/Template Thesis CEBM /appendix/consent_teachers.pdf): PDF inclusion: found PDF version <1.7>, but at most version <1.5> allowed
<appendix/consent_teachers.pdf, id=682, page=4, 597.6729pt x 844.83629pt>
File: appendix/consent_teachers.pdf Graphic file (type pdf)
<use appendix/consent_teachers.pdf, page 4>
Package pdftex.def Info: appendix/consent_teachers.pdf , page4 used on input line 18.
(pdftex.def)             Requested size: 598.173pt x 845.54323pt.
File: appendix/consent_teachers.pdf Graphic file (type pdf)
<use appendix/consent_teachers.pdf, page 4>
Package pdftex.def Info: appendix/consent_teachers.pdf , page4 used on input line 18.
(pdftex.def)             Requested size: 598.173pt x 845.54323pt.
File: appendix/consent_teachers.pdf Graphic file (type pdf)
<use appendix/consent_teachers.pdf, page 4>
Package pdftex.def Info: appendix/consent_teachers.pdf , page4 used on input line 18.
(pdftex.def)             Requested size: 598.173pt x 845.54323pt.
[48 </Users/francisco/Google Drive/02_UPF/Thesis/Deliverables/Template Thesis CEBM /appendix/consent_teachers.pdf>])
Package atveryend Info: Empty hook `BeforeClearDocument' on input line 71.
Package atveryend Info: Empty hook `AfterLastShipout' on input line 71.
 (/Users/francisco/Google Drive/02_UPF/Thesis/Deliverables/Template Thesis CEBM /MasterThesis.aux)
Package atveryend Info: Executing hook `AtVeryEndDocument' on input line 71.
Package atveryend Info: Executing hook `AtEndAfterFileList' on input line 71.
Package rerunfilecheck Info: File `MasterThesis.out' has not changed.
(rerunfilecheck)             Checksum: D27D5D463C7DC3EB0CF16C91077FB60D;1358.
Package atveryend Info: Empty hook `AtVeryVeryEnd' on input line 71.
 ) 
Here is how much of TeX's memory you used:
 10593 strings out of 480608
 161481 string characters out of 5903630
 448800 words of memory out of 5000000
 26050 multiletter control sequences out of 15000+600000
 545927 words of font info for 53 fonts, out of 8000000 for 9000
 1141 hyphenation exceptions out of 8191
 44i,18n,48p,1437b,470s stack positions out of 5000i,500n,10000p,200000b,80000s
{/usr/local/texlive/2020/texmf-dist/fonts/enc/dvips/cm-super/cm-super-t1.enc}{/usr/local/texlive/2020/texmf-dist/fonts/enc/dvips/cm-super/cm-super-ts1.enc}</usr/local/texlive/2020/texmf-dist/fonts/type1/public/cm-super/sfbx1200.pfb></usr/local/texlive/2020/texmf-dist/fonts/type1/public/cm-super/sfbx1440.pfb></usr/local/texlive/2020/texmf-dist/fonts/type1/public/cm-super/sfbx1728.pfb></usr/local/texlive/2020/texmf-dist/fonts/type1/public/cm-super/sfbx2488.pfb></usr/local/texlive/2020/texmf-dist/fonts/type1/public/cm-super/sfrm1200.pfb></usr/local/texlive/2020/texmf-dist/fonts/type1/public/cm-super/sfrm1440.pfb></usr/local/texlive/2020/texmf-dist/fonts/type1/public/cm-super/sfrm1728.pfb></usr/local/texlive/2020/texmf-dist/fonts/type1/public/cm-super/sfsl1200.pfb></usr/local/texlive/2020/texmf-dist/fonts/type1/public/cm-super/sfti1200.pfb></usr/local/texlive/2020/texmf-dist/fonts/type1/public/cm-super/sftt1200.pfb>
Output written on "/Users/francisco/Google Drive/02_UPF/Thesis/Deliverables/Template Thesis CEBM /MasterThesis.pdf" (54 pages, 7495097 bytes).
PDF statistics:
 763 PDF objects out of 1000 (max. 8388607)
 628 compressed objects within 7 object streams
 163 named destinations out of 1000 (max. 500000)
 385 words of extra memory for PDF output out of 10000 (max. 10000000)

